Change Component Designator: OldDesignator=Q6 NewDesignator=Q9
Change Component Designator: OldDesignator=Q7 NewDesignator=Q10
Change Component Designator: OldDesignator=Q8 NewDesignator=Q11
Change Component Designator: OldDesignator=Q9 NewDesignator=Q12
Change Component Designator: OldDesignator=Q10 NewDesignator=Q13
Change Component Designator: OldDesignator=Q11 NewDesignator=Q14
Change Component Designator: OldDesignator=Q12 NewDesignator=Q15
Change Component Designator: OldDesignator=Q13 NewDesignator=Q20
Change Component Designator: OldDesignator=Q14 NewDesignator=Q21
Change Component Designator: OldDesignator=Q15 NewDesignator=Q22
Change Component Designator: OldDesignator=Q16 NewDesignator=Q23
Change Component Designator: OldDesignator=Q17 NewDesignator=Q24
Change Component Designator: OldDesignator=Q18 NewDesignator=Q25
Change Component Designator: OldDesignator=Q19 NewDesignator=Q26
Change Component Designator: OldDesignator=Q20 NewDesignator=Q27
Change Component Designator: OldDesignator=Q21 NewDesignator=Q28
Change Component Designator: OldDesignator=Q22 NewDesignator=Q29
Change Component Designator: OldDesignator=Q23 NewDesignator=Q30
Change Component Designator: OldDesignator=Q24 NewDesignator=Q31
Change Component Designator: OldDesignator=Q25 NewDesignator=Q32
Change Component Designator: OldDesignator=Q26 NewDesignator=Q33
Added Component: Designator=Q6(DIP16)
Add component. Clean all parameters for all variants
Added Component: Designator=Q7(DIP16)
Add component. Clean all parameters for all variants
Added Component: Designator=Q8(DIP16)
Add component. Clean all parameters for all variants
Added Component: Designator=Q16(DIP16)
Add component. Clean all parameters for all variants
Added Component: Designator=Q17(DIP16)
Add component. Clean all parameters for all variants
Added Component: Designator=Q18(DIP16)
Add component. Clean all parameters for all variants
Added Component: Designator=Q19(DIP16)
Add component. Clean all parameters for all variants
Added Pin To Net: NetName=RF TOP READ Pin=Q5-11
Added Pin To Net: NetName=RF TOP WR Pin=Q5-12
Added Pin To Net: NetName=BUS 9 Pin=Q6-1
Added Pin To Net: NetName=BUS 10 Pin=Q6-2
Added Pin To Net: NetName=BUS 11 Pin=Q6-3
Added Pin To Net: NetName=BUS 11 Pin=Q6-6
Added Pin To Net: NetName=BUS 10 Pin=Q6-7
Added Pin To Net: NetName=GND Pin=Q6-8
Added Pin To Net: NetName=BUS 9 Pin=Q6-9
Added Pin To Net: NetName=BUS 8 Pin=Q6-10
Added Pin To Net: NetName=RF TOP READ Pin=Q6-11
Added Pin To Net: NetName=RF TOP WR Pin=Q6-12
Added Pin To Net: NetName=BUS 8 Pin=Q6-15
Added Pin To Net: NetName=VCC Pin=Q6-16
Added Pin To Net: NetName=BUS 5 Pin=Q7-1
Added Pin To Net: NetName=BUS 6 Pin=Q7-2
Added Pin To Net: NetName=BUS 7 Pin=Q7-3
Added Pin To Net: NetName=BUS 7 Pin=Q7-6
Added Pin To Net: NetName=BUS 6 Pin=Q7-7
Added Pin To Net: NetName=GND Pin=Q7-8
Added Pin To Net: NetName=BUS 5 Pin=Q7-9
Added Pin To Net: NetName=BUS 4 Pin=Q7-10
Added Pin To Net: NetName=RF TOP READ Pin=Q7-11
Added Pin To Net: NetName=RF TOP WR Pin=Q7-12
Added Pin To Net: NetName=BUS 4 Pin=Q7-15
Added Pin To Net: NetName=VCC Pin=Q7-16
Added Pin To Net: NetName=BUS 1 Pin=Q8-1
Added Pin To Net: NetName=BUS 2 Pin=Q8-2
Added Pin To Net: NetName=BUS 3 Pin=Q8-3
Added Pin To Net: NetName=BUS 3 Pin=Q8-6
Added Pin To Net: NetName=BUS 2 Pin=Q8-7
Added Pin To Net: NetName=GND Pin=Q8-8
Added Pin To Net: NetName=BUS 1 Pin=Q8-9
Added Pin To Net: NetName=BUS 0 Pin=Q8-10
Added Pin To Net: NetName=RF TOP READ Pin=Q8-11
Added Pin To Net: NetName=RF TOP WR Pin=Q8-12
Added Pin To Net: NetName=BUS 0 Pin=Q8-15
Added Pin To Net: NetName=VCC Pin=Q8-16
Added Pin To Net: NetName=BUS 13 Pin=Q16-1
Added Pin To Net: NetName=BUS 14 Pin=Q16-2
Added Pin To Net: NetName=BUS 15 Pin=Q16-3
Added Pin To Net: NetName=BUS 15 Pin=Q16-6
Added Pin To Net: NetName=BUS 14 Pin=Q16-7
Added Pin To Net: NetName=GND Pin=Q16-8
Added Pin To Net: NetName=BUS 13 Pin=Q16-9
Added Pin To Net: NetName=BUS 12 Pin=Q16-10
Added Pin To Net: NetName=RF BOT READ Pin=Q16-11
Added Pin To Net: NetName=RF BOT WR Pin=Q16-12
Added Pin To Net: NetName=BUS 12 Pin=Q16-15
Added Pin To Net: NetName=VCC Pin=Q16-16
Added Pin To Net: NetName=BUS 9 Pin=Q17-1
Added Pin To Net: NetName=BUS 10 Pin=Q17-2
Added Pin To Net: NetName=BUS 11 Pin=Q17-3
Added Pin To Net: NetName=BUS 11 Pin=Q17-6
Added Pin To Net: NetName=BUS 10 Pin=Q17-7
Added Pin To Net: NetName=GND Pin=Q17-8
Added Pin To Net: NetName=BUS 9 Pin=Q17-9
Added Pin To Net: NetName=BUS 8 Pin=Q17-10
Added Pin To Net: NetName=RF BOT READ Pin=Q17-11
Added Pin To Net: NetName=RF BOT WR Pin=Q17-12
Added Pin To Net: NetName=BUS 8 Pin=Q17-15
Added Pin To Net: NetName=VCC Pin=Q17-16
Added Pin To Net: NetName=BUS 5 Pin=Q18-1
Added Pin To Net: NetName=BUS 6 Pin=Q18-2
Added Pin To Net: NetName=BUS 7 Pin=Q18-3
Added Pin To Net: NetName=BUS 7 Pin=Q18-6
Added Pin To Net: NetName=BUS 6 Pin=Q18-7
Added Pin To Net: NetName=GND Pin=Q18-8
Added Pin To Net: NetName=BUS 5 Pin=Q18-9
Added Pin To Net: NetName=BUS 4 Pin=Q18-10
Added Pin To Net: NetName=RF BOT READ Pin=Q18-11
Added Pin To Net: NetName=RF BOT WR Pin=Q18-12
Added Pin To Net: NetName=BUS 4 Pin=Q18-15
Added Pin To Net: NetName=VCC Pin=Q18-16
Added Pin To Net: NetName=BUS 1 Pin=Q19-1
Added Pin To Net: NetName=BUS 2 Pin=Q19-2
Added Pin To Net: NetName=BUS 3 Pin=Q19-3
Added Pin To Net: NetName=BUS 3 Pin=Q19-6
Added Pin To Net: NetName=BUS 2 Pin=Q19-7
Added Pin To Net: NetName=GND Pin=Q19-8
Added Pin To Net: NetName=BUS 1 Pin=Q19-9
Added Pin To Net: NetName=BUS 0 Pin=Q19-10
Added Pin To Net: NetName=RF BOT READ Pin=Q19-11
Added Pin To Net: NetName=RF BOT WR Pin=Q19-12
Added Pin To Net: NetName=BUS 0 Pin=Q19-15
Added Pin To Net: NetName=VCC Pin=Q19-16
Change Net Name : Old Net Name=NetQ6_3 New Net Name=NetQ9_3
Change Net Name : Old Net Name=NetQ6_6 New Net Name=NetQ9_6
Change Net Name : Old Net Name=NetQ7_3 New Net Name=NetQ10_3
Change Net Name : Old Net Name=NetQ7_6 New Net Name=NetQ10_6
Change Net Name : Old Net Name=NetQ13_3 New Net Name=NetQ20_3
Change Net Name : Old Net Name=NetQ13_6 New Net Name=NetQ20_6
Change Net Name : Old Net Name=NetQ14_3 New Net Name=NetQ21_3
Change Net Name : Old Net Name=NetQ14_6 New Net Name=NetQ21_6
Added Pin To Net: NetName=RF R0 Pin=Q5-5
Added Pin To Net: NetName=RF R0 Pin=Q5-14
Added Pin To Net: NetName=RF R0 Pin=Q6-5
Added Pin To Net: NetName=RF R0 Pin=Q6-14
Added Pin To Net: NetName=RF R0 Pin=Q7-5
Added Pin To Net: NetName=RF R0 Pin=Q7-14
Added Pin To Net: NetName=RF R0 Pin=Q8-5
Added Pin To Net: NetName=RF R0 Pin=Q8-14
Added Pin To Net: NetName=RF R0 Pin=Q16-5
Added Pin To Net: NetName=RF R0 Pin=Q16-14
Added Pin To Net: NetName=RF R0 Pin=Q17-5
Added Pin To Net: NetName=RF R0 Pin=Q17-14
Added Pin To Net: NetName=RF R0 Pin=Q18-5
Added Pin To Net: NetName=RF R0 Pin=Q18-14
Added Pin To Net: NetName=RF R0 Pin=Q19-5
Added Pin To Net: NetName=RF R0 Pin=Q19-14
Added Net: Name=RF R0
Added Pin To Net: NetName=RF R1 Pin=Q5-4
Added Pin To Net: NetName=RF R1 Pin=Q5-13
Added Pin To Net: NetName=RF R1 Pin=Q6-4
Added Pin To Net: NetName=RF R1 Pin=Q6-13
Added Pin To Net: NetName=RF R1 Pin=Q7-4
Added Pin To Net: NetName=RF R1 Pin=Q7-13
Added Pin To Net: NetName=RF R1 Pin=Q8-4
Added Pin To Net: NetName=RF R1 Pin=Q8-13
Added Pin To Net: NetName=RF R1 Pin=Q16-4
Added Pin To Net: NetName=RF R1 Pin=Q16-13
Added Pin To Net: NetName=RF R1 Pin=Q17-4
Added Pin To Net: NetName=RF R1 Pin=Q17-13
Added Pin To Net: NetName=RF R1 Pin=Q18-4
Added Pin To Net: NetName=RF R1 Pin=Q18-13
Added Pin To Net: NetName=RF R1 Pin=Q19-4
Added Pin To Net: NetName=RF R1 Pin=Q19-13
Added Net: Name=RF R1
Added Member To Class: ClassName=main Member=Component Q5 74LS670
Added Member To Class: ClassName=main Member=Component Q6 74LS670
Added Member To Class: ClassName=main Member=Component Q7 74LS670
Added Member To Class: ClassName=main Member=Component Q8 74LS670
Added Member To Class: ClassName=main Member=Component Q13 74LS161
Added Member To Class: ClassName=main Member=Component Q14 74LS161
Added Member To Class: ClassName=main Member=Component Q27 74LS173
Added Member To Class: ClassName=main Member=Component Q28 UM61512A
Added Member To Class: ClassName=main Member=Component Q29 74LS373
Added Member To Class: ClassName=main Member=Component Q30 74LS373
Added Member To Class: ClassName=main Member=Component Q31 74LS245
Added Member To Class: ClassName=main Member=Component Q32 74LS373
Added Member To Class: ClassName=main Member=Component Q33 74LS373
Added Room: Name=main
