Change Component Designator: OldDesignator=Q11 NewDesignator=Q15
Change Component Designator: OldDesignator=Q12 NewDesignator=Q11
Change Component Designator: OldDesignator=Q13 NewDesignator=Q12
Change Component Designator: OldDesignator=Q14 NewDesignator=Q13
Change Component Designator: OldDesignator=Q15 NewDesignator=Q14
Change Component Designator: OldDesignator=Q17 NewDesignator=Q19
Change Component Designator: OldDesignator=Q19 NewDesignator=Q17
Added Component: Designator=D17(LED-0)
Add component. Clean all parameters for all variants
Add component (AddParameter): Name = "LatestRevisionDate"; Value = "08-Jul-2005"; VariantName = "[No Variations]"
Add component (AddParameter): Name = "LatestRevisionNote"; Value = "Mech Layer 1 removed."; VariantName = "[No Variations]"
Add component (AddParameter): Name = "PackageDescription"; Value = "LED; 2 Leads"; VariantName = "[No Variations]"
Add component (AddParameter): Name = "PackageReference"; Value = "LED-0"; VariantName = "[No Variations]"
Add component (AddParameter): Name = "Published"; Value = "8-Jun-2000"; VariantName = "[No Variations]"
Add component (AddParameter): Name = "Publisher"; Value = "Altium Limited"; VariantName = "[No Variations]"
Added Component: Designator=D18(LED-0)
Add component. Clean all parameters for all variants
Add component (AddParameter): Name = "LatestRevisionDate"; Value = "08-Jul-2005"; VariantName = "[No Variations]"
Add component (AddParameter): Name = "LatestRevisionNote"; Value = "Mech Layer 1 removed."; VariantName = "[No Variations]"
Add component (AddParameter): Name = "PackageDescription"; Value = "LED; 2 Leads"; VariantName = "[No Variations]"
Add component (AddParameter): Name = "PackageReference"; Value = "LED-0"; VariantName = "[No Variations]"
Add component (AddParameter): Name = "Published"; Value = "8-Jun-2000"; VariantName = "[No Variations]"
Add component (AddParameter): Name = "Publisher"; Value = "Altium Limited"; VariantName = "[No Variations]"
Added Component: Designator=D19(LED-0)
Add component. Clean all parameters for all variants
Add component (AddParameter): Name = "LatestRevisionDate"; Value = "08-Jul-2005"; VariantName = "[No Variations]"
Add component (AddParameter): Name = "LatestRevisionNote"; Value = "Mech Layer 1 removed."; VariantName = "[No Variations]"
Add component (AddParameter): Name = "PackageDescription"; Value = "LED; 2 Leads"; VariantName = "[No Variations]"
Add component (AddParameter): Name = "PackageReference"; Value = "LED-0"; VariantName = "[No Variations]"
Add component (AddParameter): Name = "Published"; Value = "8-Jun-2000"; VariantName = "[No Variations]"
Add component (AddParameter): Name = "Publisher"; Value = "Altium Limited"; VariantName = "[No Variations]"
Added Component: Designator=D20(LED-0)
Add component. Clean all parameters for all variants
Add component (AddParameter): Name = "LatestRevisionDate"; Value = "08-Jul-2005"; VariantName = "[No Variations]"
Add component (AddParameter): Name = "LatestRevisionNote"; Value = "Mech Layer 1 removed."; VariantName = "[No Variations]"
Add component (AddParameter): Name = "PackageDescription"; Value = "LED; 2 Leads"; VariantName = "[No Variations]"
Add component (AddParameter): Name = "PackageReference"; Value = "LED-0"; VariantName = "[No Variations]"
Add component (AddParameter): Name = "Published"; Value = "8-Jun-2000"; VariantName = "[No Variations]"
Add component (AddParameter): Name = "Publisher"; Value = "Altium Limited"; VariantName = "[No Variations]"
Added Component: Designator=D21(LED-0)
Add component. Clean all parameters for all variants
Add component (AddParameter): Name = "LatestRevisionDate"; Value = "08-Jul-2005"; VariantName = "[No Variations]"
Add component (AddParameter): Name = "LatestRevisionNote"; Value = "Mech Layer 1 removed."; VariantName = "[No Variations]"
Add component (AddParameter): Name = "PackageDescription"; Value = "LED; 2 Leads"; VariantName = "[No Variations]"
Add component (AddParameter): Name = "PackageReference"; Value = "LED-0"; VariantName = "[No Variations]"
Add component (AddParameter): Name = "Published"; Value = "8-Jun-2000"; VariantName = "[No Variations]"
Add component (AddParameter): Name = "Publisher"; Value = "Altium Limited"; VariantName = "[No Variations]"
Added Component: Designator=D22(LED-0)
Add component. Clean all parameters for all variants
Add component (AddParameter): Name = "LatestRevisionDate"; Value = "08-Jul-2005"; VariantName = "[No Variations]"
Add component (AddParameter): Name = "LatestRevisionNote"; Value = "Mech Layer 1 removed."; VariantName = "[No Variations]"
Add component (AddParameter): Name = "PackageDescription"; Value = "LED; 2 Leads"; VariantName = "[No Variations]"
Add component (AddParameter): Name = "PackageReference"; Value = "LED-0"; VariantName = "[No Variations]"
Add component (AddParameter): Name = "Published"; Value = "8-Jun-2000"; VariantName = "[No Variations]"
Add component (AddParameter): Name = "Publisher"; Value = "Altium Limited"; VariantName = "[No Variations]"
Added Component: Designator=D23(LED-0)
Add component. Clean all parameters for all variants
Add component (AddParameter): Name = "LatestRevisionDate"; Value = "08-Jul-2005"; VariantName = "[No Variations]"
Add component (AddParameter): Name = "LatestRevisionNote"; Value = "Mech Layer 1 removed."; VariantName = "[No Variations]"
Add component (AddParameter): Name = "PackageDescription"; Value = "LED; 2 Leads"; VariantName = "[No Variations]"
Add component (AddParameter): Name = "PackageReference"; Value = "LED-0"; VariantName = "[No Variations]"
Add component (AddParameter): Name = "Published"; Value = "8-Jun-2000"; VariantName = "[No Variations]"
Add component (AddParameter): Name = "Publisher"; Value = "Altium Limited"; VariantName = "[No Variations]"
Added Component: Designator=D24(LED-0)
Add component. Clean all parameters for all variants
Add component (AddParameter): Name = "LatestRevisionDate"; Value = "08-Jul-2005"; VariantName = "[No Variations]"
Add component (AddParameter): Name = "LatestRevisionNote"; Value = "Mech Layer 1 removed."; VariantName = "[No Variations]"
Add component (AddParameter): Name = "PackageDescription"; Value = "LED; 2 Leads"; VariantName = "[No Variations]"
Add component (AddParameter): Name = "PackageReference"; Value = "LED-0"; VariantName = "[No Variations]"
Add component (AddParameter): Name = "Published"; Value = "8-Jun-2000"; VariantName = "[No Variations]"
Add component (AddParameter): Name = "Publisher"; Value = "Altium Limited"; VariantName = "[No Variations]"
Added Component: Designator=D25(LED-0)
Add component. Clean all parameters for all variants
Add component (AddParameter): Name = "LatestRevisionDate"; Value = "08-Jul-2005"; VariantName = "[No Variations]"
Add component (AddParameter): Name = "LatestRevisionNote"; Value = "Mech Layer 1 removed."; VariantName = "[No Variations]"
Add component (AddParameter): Name = "PackageDescription"; Value = "LED; 2 Leads"; VariantName = "[No Variations]"
Add component (AddParameter): Name = "PackageReference"; Value = "LED-0"; VariantName = "[No Variations]"
Add component (AddParameter): Name = "Published"; Value = "8-Jun-2000"; VariantName = "[No Variations]"
Add component (AddParameter): Name = "Publisher"; Value = "Altium Limited"; VariantName = "[No Variations]"
Added Component: Designator=D26(LED-0)
Add component. Clean all parameters for all variants
Add component (AddParameter): Name = "LatestRevisionDate"; Value = "08-Jul-2005"; VariantName = "[No Variations]"
Add component (AddParameter): Name = "LatestRevisionNote"; Value = "Mech Layer 1 removed."; VariantName = "[No Variations]"
Add component (AddParameter): Name = "PackageDescription"; Value = "LED; 2 Leads"; VariantName = "[No Variations]"
Add component (AddParameter): Name = "PackageReference"; Value = "LED-0"; VariantName = "[No Variations]"
Add component (AddParameter): Name = "Published"; Value = "8-Jun-2000"; VariantName = "[No Variations]"
Add component (AddParameter): Name = "Publisher"; Value = "Altium Limited"; VariantName = "[No Variations]"
Added Component: Designator=D27(LED-0)
Add component. Clean all parameters for all variants
Add component (AddParameter): Name = "LatestRevisionDate"; Value = "08-Jul-2005"; VariantName = "[No Variations]"
Add component (AddParameter): Name = "LatestRevisionNote"; Value = "Mech Layer 1 removed."; VariantName = "[No Variations]"
Add component (AddParameter): Name = "PackageDescription"; Value = "LED; 2 Leads"; VariantName = "[No Variations]"
Add component (AddParameter): Name = "PackageReference"; Value = "LED-0"; VariantName = "[No Variations]"
Add component (AddParameter): Name = "Published"; Value = "8-Jun-2000"; VariantName = "[No Variations]"
Add component (AddParameter): Name = "Publisher"; Value = "Altium Limited"; VariantName = "[No Variations]"
Added Component: Designator=D28(LED-0)
Add component. Clean all parameters for all variants
Add component (AddParameter): Name = "LatestRevisionDate"; Value = "08-Jul-2005"; VariantName = "[No Variations]"
Add component (AddParameter): Name = "LatestRevisionNote"; Value = "Mech Layer 1 removed."; VariantName = "[No Variations]"
Add component (AddParameter): Name = "PackageDescription"; Value = "LED; 2 Leads"; VariantName = "[No Variations]"
Add component (AddParameter): Name = "PackageReference"; Value = "LED-0"; VariantName = "[No Variations]"
Add component (AddParameter): Name = "Published"; Value = "8-Jun-2000"; VariantName = "[No Variations]"
Add component (AddParameter): Name = "Publisher"; Value = "Altium Limited"; VariantName = "[No Variations]"
Added Component: Designator=D29(LED-0)
Add component. Clean all parameters for all variants
Add component (AddParameter): Name = "LatestRevisionDate"; Value = "08-Jul-2005"; VariantName = "[No Variations]"
Add component (AddParameter): Name = "LatestRevisionNote"; Value = "Mech Layer 1 removed."; VariantName = "[No Variations]"
Add component (AddParameter): Name = "PackageDescription"; Value = "LED; 2 Leads"; VariantName = "[No Variations]"
Add component (AddParameter): Name = "PackageReference"; Value = "LED-0"; VariantName = "[No Variations]"
Add component (AddParameter): Name = "Published"; Value = "8-Jun-2000"; VariantName = "[No Variations]"
Add component (AddParameter): Name = "Publisher"; Value = "Altium Limited"; VariantName = "[No Variations]"
Added Component: Designator=D30(LED-0)
Add component. Clean all parameters for all variants
Add component (AddParameter): Name = "LatestRevisionDate"; Value = "08-Jul-2005"; VariantName = "[No Variations]"
Add component (AddParameter): Name = "LatestRevisionNote"; Value = "Mech Layer 1 removed."; VariantName = "[No Variations]"
Add component (AddParameter): Name = "PackageDescription"; Value = "LED; 2 Leads"; VariantName = "[No Variations]"
Add component (AddParameter): Name = "PackageReference"; Value = "LED-0"; VariantName = "[No Variations]"
Add component (AddParameter): Name = "Published"; Value = "8-Jun-2000"; VariantName = "[No Variations]"
Add component (AddParameter): Name = "Publisher"; Value = "Altium Limited"; VariantName = "[No Variations]"
Added Component: Designator=D31(LED-0)
Add component. Clean all parameters for all variants
Add component (AddParameter): Name = "LatestRevisionDate"; Value = "08-Jul-2005"; VariantName = "[No Variations]"
Add component (AddParameter): Name = "LatestRevisionNote"; Value = "Mech Layer 1 removed."; VariantName = "[No Variations]"
Add component (AddParameter): Name = "PackageDescription"; Value = "LED; 2 Leads"; VariantName = "[No Variations]"
Add component (AddParameter): Name = "PackageReference"; Value = "LED-0"; VariantName = "[No Variations]"
Add component (AddParameter): Name = "Published"; Value = "8-Jun-2000"; VariantName = "[No Variations]"
Add component (AddParameter): Name = "Publisher"; Value = "Altium Limited"; VariantName = "[No Variations]"
Added Component: Designator=D32(LED-0)
Add component. Clean all parameters for all variants
Add component (AddParameter): Name = "LatestRevisionDate"; Value = "08-Jul-2005"; VariantName = "[No Variations]"
Add component (AddParameter): Name = "LatestRevisionNote"; Value = "Mech Layer 1 removed."; VariantName = "[No Variations]"
Add component (AddParameter): Name = "PackageDescription"; Value = "LED; 2 Leads"; VariantName = "[No Variations]"
Add component (AddParameter): Name = "PackageReference"; Value = "LED-0"; VariantName = "[No Variations]"
Add component (AddParameter): Name = "Published"; Value = "8-Jun-2000"; VariantName = "[No Variations]"
Add component (AddParameter): Name = "Publisher"; Value = "Altium Limited"; VariantName = "[No Variations]"
Added Pin To Net: NetName=GND Pin=D17-2
Added Pin To Net: NetName=GND Pin=D18-2
Added Pin To Net: NetName=GND Pin=D19-2
Added Pin To Net: NetName=GND Pin=D20-2
Added Pin To Net: NetName=GND Pin=D21-2
Added Pin To Net: NetName=GND Pin=D22-2
Added Pin To Net: NetName=GND Pin=D23-2
Added Pin To Net: NetName=GND Pin=D24-2
Added Pin To Net: NetName=GND Pin=D25-2
Added Pin To Net: NetName=GND Pin=D26-2
Added Pin To Net: NetName=GND Pin=D27-2
Added Pin To Net: NetName=GND Pin=D28-2
Added Pin To Net: NetName=GND Pin=D29-2
Added Pin To Net: NetName=GND Pin=D30-2
Added Pin To Net: NetName=GND Pin=D31-2
Added Pin To Net: NetName=GND Pin=D32-2
Added Pin To Net: NetName=GND Pin=Q11-1
Added Pin To Net: NetName=GND Pin=Q11-8
Added Pin To Net: NetName=GND Pin=Q11-15
Added Pin To Net: NetName=VCC Pin=Q11-16
Added Pin To Net: NetName=GND Pin=Q12-1
Added Pin To Net: NetName=GND Pin=Q12-8
Added Pin To Net: NetName=GND Pin=Q12-15
Added Pin To Net: NetName=VCC Pin=Q12-16
Added Pin To Net: NetName=GND Pin=Q13-1
Added Pin To Net: NetName=GND Pin=Q13-8
Added Pin To Net: NetName=GND Pin=Q13-15
Added Pin To Net: NetName=VCC Pin=Q13-16
Added Pin To Net: NetName=GND Pin=Q14-1
Added Pin To Net: NetName=GND Pin=Q14-8
Added Pin To Net: NetName=GND Pin=Q14-15
Added Pin To Net: NetName=VCC Pin=Q14-16
Added Pin To Net: NetName=GND Pin=Q15-1
Added Pin To Net: NetName=GND Pin=Q15-2
Added Pin To Net: NetName=BUS 0 Pin=Q15-13
Added Pin To Net: NetName=BUS 1 Pin=Q15-14
Added Pin To Net: NetName=BUS 2 Pin=Q15-15
Added Pin To Net: NetName=GND Pin=Q15-16
Added Pin To Net: NetName=BUS 3 Pin=Q15-17
Added Pin To Net: NetName=BUS 4 Pin=Q15-18
Added Pin To Net: NetName=BUS 5 Pin=Q15-19
Added Pin To Net: NetName=BUS 6 Pin=Q15-20
Added Pin To Net: NetName=BUS 7 Pin=Q15-21
Added Pin To Net: NetName=GND Pin=Q15-22
Added Pin To Net: NetName=VCC Pin=Q15-30
Added Pin To Net: NetName=VCC Pin=Q15-32
Added Pin To Net: NetName=GND Pin=Q16-1
Added Pin To Net: NetName=BUS 8 Pin=Q16-3
Added Pin To Net: NetName=BUS 9 Pin=Q16-4
Added Pin To Net: NetName=BUS 10 Pin=Q16-7
Added Pin To Net: NetName=BUS 11 Pin=Q16-8
Added Pin To Net: NetName=GND Pin=Q16-10
Added Pin To Net: NetName=BUS 12 Pin=Q16-13
Added Pin To Net: NetName=BUS 13 Pin=Q16-14
Added Pin To Net: NetName=BUS 14 Pin=Q16-17
Added Pin To Net: NetName=BUS 15 Pin=Q16-18
Added Pin To Net: NetName=VCC Pin=Q16-20
Added Pin To Net: NetName=GND Pin=Q17-1
Added Pin To Net: NetName=GND Pin=Q17-10
Added Pin To Net: NetName=VCC Pin=Q17-20
Added Pin To Net: NetName=GND Pin=Q18-10
Added Pin To Net: NetName=VCC Pin=Q18-20
Added Pin To Net: NetName=BUS 8 Pin=Q19-2
Added Pin To Net: NetName=BUS 8 Pin=Q19-3
Added Pin To Net: NetName=BUS 9 Pin=Q19-4
Added Pin To Net: NetName=BUS 9 Pin=Q19-5
Added Pin To Net: NetName=BUS 10 Pin=Q19-6
Added Pin To Net: NetName=BUS 10 Pin=Q19-7
Added Pin To Net: NetName=BUS 11 Pin=Q19-8
Added Pin To Net: NetName=BUS 11 Pin=Q19-9
Added Pin To Net: NetName=GND Pin=Q19-10
Added Pin To Net: NetName=BUS 12 Pin=Q19-12
Added Pin To Net: NetName=BUS 12 Pin=Q19-13
Added Pin To Net: NetName=BUS 13 Pin=Q19-14
Added Pin To Net: NetName=BUS 13 Pin=Q19-15
Added Pin To Net: NetName=BUS 14 Pin=Q19-16
Added Pin To Net: NetName=BUS 14 Pin=Q19-17
Added Pin To Net: NetName=BUS 15 Pin=Q19-18
Added Pin To Net: NetName=BUS 15 Pin=Q19-19
Added Pin To Net: NetName=VCC Pin=Q19-20
Added Pin To Net: NetName=GND Pin=Q20-10
Added Pin To Net: NetName=VCC Pin=Q20-20
Added Pin To Net: NetName=NetD17_1 Pin=D17-1
Added Pin To Net: NetName=NetD17_1 Pin=Q16-19
Added Net: Name=NetD17_1
Added Pin To Net: NetName=NetD18_1 Pin=D18-1
Added Pin To Net: NetName=NetD18_1 Pin=Q17-19
Added Net: Name=NetD18_1
Added Pin To Net: NetName=NetD19_1 Pin=D19-1
Added Pin To Net: NetName=NetD19_1 Pin=Q16-2
Added Net: Name=NetD19_1
Added Pin To Net: NetName=NetD20_1 Pin=D20-1
Added Pin To Net: NetName=NetD20_1 Pin=Q17-2
Added Net: Name=NetD20_1
Added Pin To Net: NetName=NetD21_1 Pin=D21-1
Added Pin To Net: NetName=NetD21_1 Pin=Q16-16
Added Net: Name=NetD21_1
Added Pin To Net: NetName=NetD22_1 Pin=D22-1
Added Pin To Net: NetName=NetD22_1 Pin=Q17-16
Added Net: Name=NetD22_1
Added Pin To Net: NetName=NetD23_1 Pin=D23-1
Added Pin To Net: NetName=NetD23_1 Pin=Q16-5
Added Net: Name=NetD23_1
Added Pin To Net: NetName=NetD24_1 Pin=D24-1
Added Pin To Net: NetName=NetD24_1 Pin=Q17-5
Added Net: Name=NetD24_1
Added Pin To Net: NetName=NetD25_1 Pin=D25-1
Added Pin To Net: NetName=NetD25_1 Pin=Q16-15
Added Net: Name=NetD25_1
Added Pin To Net: NetName=NetD26_1 Pin=D26-1
Added Pin To Net: NetName=NetD26_1 Pin=Q17-15
Added Net: Name=NetD26_1
Added Pin To Net: NetName=NetD27_1 Pin=D27-1
Added Pin To Net: NetName=NetD27_1 Pin=Q16-6
Added Net: Name=NetD27_1
Added Pin To Net: NetName=NetD28_1 Pin=D28-1
Added Pin To Net: NetName=NetD28_1 Pin=Q17-6
Added Net: Name=NetD28_1
Added Pin To Net: NetName=NetD29_1 Pin=D29-1
Added Pin To Net: NetName=NetD29_1 Pin=Q16-12
Added Net: Name=NetD29_1
Added Pin To Net: NetName=NetD30_1 Pin=D30-1
Added Pin To Net: NetName=NetD30_1 Pin=Q17-12
Added Net: Name=NetD30_1
Added Pin To Net: NetName=NetD31_1 Pin=D31-1
Added Pin To Net: NetName=NetD31_1 Pin=Q16-9
Added Net: Name=NetD31_1
Added Pin To Net: NetName=NetD32_1 Pin=D32-1
Added Pin To Net: NetName=NetD32_1 Pin=Q17-9
Added Net: Name=NetD32_1
Added Pin To Net: NetName=NetQ16_11 Pin=Q16-11
Added Pin To Net: NetName=NetQ16_11 Pin=Q19-11
Added Net: Name=NetQ16_11
Added Pin To Net: NetName=NetQ17_3 Pin=Q17-3
Added Pin To Net: NetName=NetQ17_3 Pin=Q20-2
Added Pin To Net: NetName=NetQ17_3 Pin=Q20-3
Added Net: Name=NetQ17_3
Added Pin To Net: NetName=NetQ17_4 Pin=Q17-4
Added Pin To Net: NetName=NetQ17_4 Pin=Q20-4
Added Pin To Net: NetName=NetQ17_4 Pin=Q20-5
Added Net: Name=NetQ17_4
Added Pin To Net: NetName=NetQ17_7 Pin=Q17-7
Added Pin To Net: NetName=NetQ17_7 Pin=Q20-6
Added Pin To Net: NetName=NetQ17_7 Pin=Q20-7
Added Net: Name=NetQ17_7
Added Pin To Net: NetName=NetQ17_8 Pin=Q17-8
Added Pin To Net: NetName=NetQ17_8 Pin=Q20-8
Added Pin To Net: NetName=NetQ17_8 Pin=Q20-9
Added Net: Name=NetQ17_8
Added Pin To Net: NetName=NetQ17_11 Pin=Q17-11
Added Pin To Net: NetName=NetQ17_11 Pin=Q20-11
Added Net: Name=NetQ17_11
Added Pin To Net: NetName=NetQ17_13 Pin=Q17-13
Added Pin To Net: NetName=NetQ17_13 Pin=Q20-12
Added Pin To Net: NetName=NetQ17_13 Pin=Q20-13
Added Net: Name=NetQ17_13
Added Pin To Net: NetName=NetQ17_14 Pin=Q17-14
Added Pin To Net: NetName=NetQ17_14 Pin=Q20-14
Added Pin To Net: NetName=NetQ17_14 Pin=Q20-15
Added Net: Name=NetQ17_14
Added Pin To Net: NetName=NetQ17_17 Pin=Q17-17
Added Pin To Net: NetName=NetQ17_17 Pin=Q20-16
Added Pin To Net: NetName=NetQ17_17 Pin=Q20-17
Added Net: Name=NetQ17_17
Added Pin To Net: NetName=NetQ17_18 Pin=Q17-18
Added Pin To Net: NetName=NetQ17_18 Pin=Q20-18
Added Pin To Net: NetName=NetQ17_18 Pin=Q20-19
Added Net: Name=NetQ17_18
Added Member To Class: ClassName=main Member=Component D17 LED0
Added Member To Class: ClassName=main Member=Component D18 LED0
Added Member To Class: ClassName=main Member=Component D19 LED0
Added Member To Class: ClassName=main Member=Component D20 LED0
Added Member To Class: ClassName=main Member=Component D21 LED0
Added Member To Class: ClassName=main Member=Component D22 LED0
Added Member To Class: ClassName=main Member=Component D23 LED0
Added Member To Class: ClassName=main Member=Component D24 LED0
Added Member To Class: ClassName=main Member=Component D25 LED0
Added Member To Class: ClassName=main Member=Component D26 LED0
Added Member To Class: ClassName=main Member=Component D27 LED0
Added Member To Class: ClassName=main Member=Component D28 LED0
Added Member To Class: ClassName=main Member=Component D29 LED0
Added Member To Class: ClassName=main Member=Component D30 LED0
Added Member To Class: ClassName=main Member=Component D31 LED0
Added Member To Class: ClassName=main Member=Component D32 LED0
Added Room: Name=main
