Change Component Designator: OldDesignator=Q24 NewDesignator=Q26
Change Component Designator: OldDesignator=Q25 NewDesignator=Q27
Change Component Designator: OldDesignator=Q26 NewDesignator=Q28
Change Component Designator: OldDesignator=Q27 NewDesignator=Q29
Change Component Designator: OldDesignator=Q28 NewDesignator=Q30
Change Component Designator: OldDesignator=Q29 NewDesignator=Q24
Change Component Designator: OldDesignator=Q30 NewDesignator=Q25
Change Component Designator: OldDesignator=Q31 NewDesignator=Q35
Change Component Designator: OldDesignator=Q32 NewDesignator=Q36
Change Component Designator: OldDesignator=Q33 NewDesignator=Q37
Change Component Designator: OldDesignator=Q34 NewDesignator=Q31
Change Component Designator: OldDesignator=Q35 NewDesignator=Q32
Change Component Designator: OldDesignator=Q36 NewDesignator=Q33
Change Component Designator: OldDesignator=Q37 NewDesignator=Q34
Change Component Designator: OldDesignator=Q38 NewDesignator=Q42
Change Component Designator: OldDesignator=Q39 NewDesignator=Q43
Change Component Designator: OldDesignator=Q40 NewDesignator=Q38
Change Component Designator: OldDesignator=Q41 NewDesignator=Q39
Added Component: Designator=Q40(DIP20)
Add component. Clean all parameters for all variants
Added Component: Designator=Q41(DIP20)
Add component. Clean all parameters for all variants
Added Pin To Net: NetName=LED ALU OUT 8 Pin=Q38-2
Added Pin To Net: NetName=LED ALU OUT 9 Pin=Q38-5
Added Pin To Net: NetName=LED ALU OUT 10 Pin=Q38-6
Added Pin To Net: NetName=LED ALU OUT 11 Pin=Q38-9
Added Pin To Net: NetName=LED ALU OUT 12 Pin=Q38-12
Added Pin To Net: NetName=LED ALU OUT 13 Pin=Q38-15
Added Pin To Net: NetName=LED ALU OUT 14 Pin=Q38-16
Added Pin To Net: NetName=LED ALU OUT 15 Pin=Q38-19
Added Pin To Net: NetName=LED ALU OUT 0 Pin=Q39-2
Added Pin To Net: NetName=LED ALU OUT 1 Pin=Q39-5
Added Pin To Net: NetName=LED ALU OUT 2 Pin=Q39-6
Added Pin To Net: NetName=LED ALU OUT 3 Pin=Q39-9
Added Pin To Net: NetName=LED ALU OUT 4 Pin=Q39-12
Added Pin To Net: NetName=LED ALU OUT 5 Pin=Q39-15
Added Pin To Net: NetName=LED ALU OUT 6 Pin=Q39-16
Added Pin To Net: NetName=LED ALU OUT 7 Pin=Q39-19
Added Pin To Net: NetName=ALU OUT WR Pin=Q40-1
Added Pin To Net: NetName=BUS 8 Pin=Q40-2
Added Pin To Net: NetName=LED ALU OUT 8 Pin=Q40-3
Added Pin To Net: NetName=LED ALU OUT 9 Pin=Q40-4
Added Pin To Net: NetName=BUS 9 Pin=Q40-5
Added Pin To Net: NetName=BUS 10 Pin=Q40-6
Added Pin To Net: NetName=LED ALU OUT 10 Pin=Q40-7
Added Pin To Net: NetName=LED ALU OUT 11 Pin=Q40-8
Added Pin To Net: NetName=BUS 11 Pin=Q40-9
Added Pin To Net: NetName=GND Pin=Q40-10
Added Pin To Net: NetName=BUS 12 Pin=Q40-12
Added Pin To Net: NetName=LED ALU OUT 12 Pin=Q40-13
Added Pin To Net: NetName=LED ALU OUT 13 Pin=Q40-14
Added Pin To Net: NetName=BUS 13 Pin=Q40-15
Added Pin To Net: NetName=BUS 14 Pin=Q40-16
Added Pin To Net: NetName=LED ALU OUT 14 Pin=Q40-17
Added Pin To Net: NetName=LED ALU OUT 15 Pin=Q40-18
Added Pin To Net: NetName=BUS 15 Pin=Q40-19
Added Pin To Net: NetName=VCC Pin=Q40-20
Added Pin To Net: NetName=ALU OUT WR Pin=Q41-1
Added Pin To Net: NetName=BUS 0 Pin=Q41-2
Added Pin To Net: NetName=LED ALU OUT 0 Pin=Q41-3
Added Pin To Net: NetName=LED ALU OUT 1 Pin=Q41-4
Added Pin To Net: NetName=BUS 1 Pin=Q41-5
Added Pin To Net: NetName=BUS 2 Pin=Q41-6
Added Pin To Net: NetName=LED ALU OUT 2 Pin=Q41-7
Added Pin To Net: NetName=LED ALU OUT 3 Pin=Q41-8
Added Pin To Net: NetName=BUS 3 Pin=Q41-9
Added Pin To Net: NetName=GND Pin=Q41-10
Added Pin To Net: NetName=BUS 4 Pin=Q41-12
Added Pin To Net: NetName=LED ALU OUT 4 Pin=Q41-13
Added Pin To Net: NetName=LED ALU OUT 5 Pin=Q41-14
Added Pin To Net: NetName=BUS 5 Pin=Q41-15
Added Pin To Net: NetName=BUS 6 Pin=Q41-16
Added Pin To Net: NetName=LED ALU OUT 6 Pin=Q41-17
Added Pin To Net: NetName=LED ALU OUT 7 Pin=Q41-18
Added Pin To Net: NetName=BUS 7 Pin=Q41-19
Added Pin To Net: NetName=VCC Pin=Q41-20
Added Member To Class: ClassName=main Member=Component D17 LED0
Added Member To Class: ClassName=main Member=Component D18 LED0
Added Member To Class: ClassName=main Member=Component D19 LED0
Added Member To Class: ClassName=main Member=Component D20 LED0
Added Member To Class: ClassName=main Member=Component D21 LED0
Added Member To Class: ClassName=main Member=Component D22 LED0
Added Member To Class: ClassName=main Member=Component D23 LED0
Added Member To Class: ClassName=main Member=Component D24 LED0
Added Member To Class: ClassName=main Member=Component D25 LED0
Added Member To Class: ClassName=main Member=Component D26 LED0
Added Member To Class: ClassName=main Member=Component D27 LED0
Added Member To Class: ClassName=main Member=Component D28 LED0
Added Member To Class: ClassName=main Member=Component D29 LED0
Added Member To Class: ClassName=main Member=Component D30 LED0
Added Member To Class: ClassName=main Member=Component D31 LED0
Added Member To Class: ClassName=main Member=Component D32 LED0
Added Member To Class: ClassName=main Member=Component Q42 74LS373
Added Member To Class: ClassName=main Member=Component Q43 74LS373
Added Room: Name=main
